<?xml version="1.0" encoding="UTF-8"?>
<testsuite xmlns:xsi="http://www.w3.org/2001/XMLSchema-instance" xsi:noNamespaceSchemaLocation="https://maven.apache.org/surefire/maven-surefire-plugin/xsd/surefire-test-report.xsd" name="jez.daogen.generator.GeneratorHelperTest" time="0.001" tests="6" errors="0" skipped="0" failures="0">
  <properties>
[...]
</properties>
  <testcase name="testGetFieldName" classname="jez.daogen.generator.GeneratorHelperTest" time="0"/>
  <testcase name="testGetFieldType" classname="jez.daogen.generator.GeneratorHelperTest" time="0"/>
  <testcase name="testGetSetParameterTypeName" classname="jez.daogen.generator.GeneratorHelperTest" time="0"/>
  <testcase name="testGetFullDirName" classname="jez.daogen.generator.GeneratorHelperTest" time="0"/>
  <testcase name="testGetFullFileName" classname="jez.daogen.generator.GeneratorHelperTest" time="0"/>
  <testcase name="testGetClassName" classname="jez.daogen.generator.GeneratorHelperTest" time="0"/>
</testsuite>